c:\users\admin\projects\vsb-pg2\tutorialsvsb\viewer\x64\debug\vc140.pdb
c:\users\admin\projects\vsb-pg2\tutorialsvsb\viewer\x64\debug\scenemanager.obj
c:\users\admin\projects\vsb-pg2\tutorialsvsb\viewer\x64\debug\demo9.obj
c:\users\admin\projects\vsb-pg2\tutorialsvsb\viewer\x64\debug\program.obj
c:\users\admin\projects\vsb-pg2\tutorialsvsb\viewer\x64\debug\mouse.obj
c:\users\admin\projects\vsb-pg2\tutorialsvsb\viewer\x64\debug\project.obj
c:\users\admin\projects\vsb-pg2\tutorialsvsb\viewer\x64\debug\demo5.obj
c:\users\admin\projects\vsb-pg2\tutorialsvsb\viewer\x64\debug\demo8.obj
c:\users\admin\projects\vsb-pg2\tutorialsvsb\viewer\x64\debug\demo7_1.obj
c:\users\admin\projects\vsb-pg2\tutorialsvsb\viewer\x64\debug\demo7.obj
c:\users\admin\projects\vsb-pg2\tutorialsvsb\viewer\x64\debug\demo6_1.obj
c:\users\admin\projects\vsb-pg2\tutorialsvsb\viewer\x64\debug\demo6.obj
c:\users\admin\projects\vsb-pg2\tutorialsvsb\viewer\x64\debug\demo4.obj
c:\users\admin\projects\vsb-pg2\tutorialsvsb\viewer\x64\debug\demo3.obj
c:\users\admin\projects\vsb-pg2\tutorialsvsb\viewer\x64\debug\demo2.obj
c:\users\admin\projects\vsb-pg2\tutorialsvsb\viewer\x64\debug\lo_lights.obj
c:\users\admin\projects\vsb-pg2\tutorialsvsb\viewer\x64\debug\entity_electron.obj
c:\users\admin\projects\vsb-pg2\tutorialsvsb\viewer\x64\debug\entity_particle.obj
c:\users\admin\projects\vsb-pg2\tutorialsvsb\viewer\x64\debug\entity_atom.obj
c:\users\admin\projects\vsb-pg2\tutorialsvsb\bin\x64\debug\viewer.ilk
c:\users\admin\projects\vsb-pg2\tutorialsvsb\bin\x64\debug\viewer.exe
c:\users\admin\projects\vsb-pg2\tutorialsvsb\bin\x64\debug\viewer.pdb
c:\users\admin\projects\vsb-pg2\tutorialsvsb\bin\x64\debug\viewer.lib
c:\users\admin\projects\vsb-pg2\tutorialsvsb\bin\x64\debug\viewer.exp
c:\users\admin\projects\vsb-pg2\tutorialsvsb\viewer\x64\debug\demo5_5.obj
c:\users\admin\projects\vsb-pg2\tutorialsvsb\viewer\..\bin\x64\debug\viewer.exe
c:\users\admin\projects\vsb-pg2\tutorialsvsb\viewer\x64\debug\viewer.tlog\cl.command.1.tlog
c:\users\admin\projects\vsb-pg2\tutorialsvsb\viewer\x64\debug\viewer.tlog\cl.read.1.tlog
c:\users\admin\projects\vsb-pg2\tutorialsvsb\viewer\x64\debug\viewer.tlog\cl.write.1.tlog
c:\users\admin\projects\vsb-pg2\tutorialsvsb\viewer\x64\debug\viewer.tlog\link.command.1.tlog
c:\users\admin\projects\vsb-pg2\tutorialsvsb\viewer\x64\debug\viewer.tlog\link.read.1.tlog
c:\users\admin\projects\vsb-pg2\tutorialsvsb\viewer\x64\debug\viewer.tlog\link.write.1.tlog
c:\users\admin\projects\vsb-pg2\tutorialsvsb\viewer\x64\debug\viewer.tlog\viewer.write.1u.tlog
