c:\users\sim0178\documents\vsb-pg2-2\tutorialsvsb\viewer\x64\release\vc140.pdb
c:\users\sim0178\documents\vsb-pg2-2\tutorialsvsb\viewer\x64\release\scenemanager.obj
c:\users\sim0178\documents\vsb-pg2-2\tutorialsvsb\viewer\x64\release\project.obj
c:\users\sim0178\documents\vsb-pg2-2\tutorialsvsb\viewer\x64\release\program.obj
c:\users\sim0178\documents\vsb-pg2-2\tutorialsvsb\viewer\x64\release\mouse.obj
c:\users\sim0178\documents\vsb-pg2-2\tutorialsvsb\viewer\x64\release\lo_lights.obj
c:\users\sim0178\documents\vsb-pg2-2\tutorialsvsb\viewer\x64\release\entity_particle.obj
c:\users\sim0178\documents\vsb-pg2-2\tutorialsvsb\viewer\x64\release\entity_electron.obj
c:\users\sim0178\documents\vsb-pg2-2\tutorialsvsb\viewer\x64\release\entity_atom.obj
c:\users\sim0178\documents\vsb-pg2-2\tutorialsvsb\viewer\x64\release\demo9.obj
c:\users\sim0178\documents\vsb-pg2-2\tutorialsvsb\viewer\x64\release\demo8.obj
c:\users\sim0178\documents\vsb-pg2-2\tutorialsvsb\viewer\x64\release\demo7_1.obj
c:\users\sim0178\documents\vsb-pg2-2\tutorialsvsb\viewer\x64\release\demo7.obj
c:\users\sim0178\documents\vsb-pg2-2\tutorialsvsb\viewer\x64\release\demo6_1.obj
c:\users\sim0178\documents\vsb-pg2-2\tutorialsvsb\viewer\x64\release\demo6.obj
c:\users\sim0178\documents\vsb-pg2-2\tutorialsvsb\viewer\x64\release\demo5.obj
c:\users\sim0178\documents\vsb-pg2-2\tutorialsvsb\viewer\x64\release\demo4.obj
c:\users\sim0178\documents\vsb-pg2-2\tutorialsvsb\viewer\x64\release\demo3.obj
c:\users\sim0178\documents\vsb-pg2-2\tutorialsvsb\viewer\x64\release\demo2.obj
c:\users\sim0178\documents\vsb-pg2-2\tutorialsvsb\viewer\x64\release\demo10.obj
c:\users\sim0178\documents\vsb-pg2-2\tutorialsvsb\bin\x64\release\viewer.exe
c:\users\sim0178\documents\vsb-pg2-2\tutorialsvsb\bin\x64\release\viewer.ipdb
c:\users\sim0178\documents\vsb-pg2-2\tutorialsvsb\bin\x64\release\viewer.iobj
c:\users\sim0178\documents\vsb-pg2-2\tutorialsvsb\bin\x64\release\viewer.pdb
c:\users\sim0178\documents\vsb-pg2-2\tutorialsvsb\bin\x64\release\viewer.lib
c:\users\sim0178\documents\vsb-pg2-2\tutorialsvsb\bin\x64\release\viewer.exp
c:\users\sim0178\documents\vsb-pg2-2\tutorialsvsb\viewer\..\bin\x64\release\viewer.exe
c:\users\sim0178\documents\vsb-pg2-2\tutorialsvsb\viewer\x64\release\viewer.tlog\cl.command.1.tlog
c:\users\sim0178\documents\vsb-pg2-2\tutorialsvsb\viewer\x64\release\viewer.tlog\cl.read.1.tlog
c:\users\sim0178\documents\vsb-pg2-2\tutorialsvsb\viewer\x64\release\viewer.tlog\cl.write.1.tlog
c:\users\sim0178\documents\vsb-pg2-2\tutorialsvsb\viewer\x64\release\viewer.tlog\link.command.1.tlog
c:\users\sim0178\documents\vsb-pg2-2\tutorialsvsb\viewer\x64\release\viewer.tlog\link.read.1.tlog
c:\users\sim0178\documents\vsb-pg2-2\tutorialsvsb\viewer\x64\release\viewer.tlog\link.write.1.tlog
c:\users\sim0178\documents\vsb-pg2-2\tutorialsvsb\viewer\x64\release\viewer.tlog\viewer.write.1u.tlog
